#
# There is insufficient memory for the Java Runtime Environment to continue.
# Native memory allocation (mmap) failed to map 268435456 bytes. Error detail: G1 virtual space
# Possible reasons:
#   The system is out of physical RAM or swap space
#   This process is running with CompressedOops enabled, and the Java Heap may be blocking the growth of the native heap
# Possible solutions:
#   Reduce memory load on the system
#   Increase physical memory or swap space
#   Check if swap backing store is full
#   Decrease Java heap size (-Xmx/-Xms)
#   Decrease number of Java threads
#   Decrease Java thread stack sizes (-Xss)
#   Set larger code cache with -XX:ReservedCodeCacheSize=
#   JVM is running with Zero Based Compressed Oops mode in which the Java heap is
#     placed in the first 32GB address space. The Java Heap base address is the
#     maximum limit for the native heap growth. Please use -XX:HeapBaseMinAddress
#     to set the Java Heap base and to place the Java Heap above 32GB virtual address.
# This output file may be truncated or incomplete.
#
#  Out of Memory Error (os_windows.cpp:3631), pid=19716, tid=19124
#
# JRE version:  (22.0.1+8) (build )
# Java VM: Java HotSpot(TM) 64-Bit Server VM (22.0.1+8-16, mixed mode, sharing, tiered, compressed oops, compressed class ptrs, g1 gc, windows-amd64)
# No core dump will be written. Minidumps are not enabled by default on client versions of Windows
#

---------------  S U M M A R Y ------------

Command Line: -Dfile.encoding=UTF-8 -Dstdout.encoding=UTF-8 -Dstderr.encoding=UTF-8 -XX:+ShowCodeDetailsInExceptionMessages MP2

Host: AMD Ryzen 5 2600 Six-Core Processor            , 12 cores, 15G,  Windows 10 , 64 bit Build 19041 (10.0.19041.3636)
Time: Tue Jul  9 00:49:46 2024 US Mountain Standard Time elapsed time: 0.012141 seconds (0d 0h 0m 0s)

---------------  T H R E A D  ---------------

Current thread (0x0000022ab8509080):  JavaThread "Unknown thread" [_thread_in_vm, id=19124, stack(0x000000d5a8600000,0x000000d5a8700000) (1024K)]

Stack: [0x000000d5a8600000,0x000000d5a8700000]
Native frames: (J=compiled Java code, j=interpreted, Vv=VM code, C=native code)
V  [jvm.dll+0x6e2279]  (no source info available)
V  [jvm.dll+0x874e33]  (no source info available)
V  [jvm.dll+0x87725e]  (no source info available)
V  [jvm.dll+0x877933]  (no source info available)
V  [jvm.dll+0x27fd76]  (no source info available)
V  [jvm.dll+0x6de915]  (no source info available)
V  [jvm.dll+0x6d341a]  (no source info available)
V  [jvm.dll+0x3589da]  (no source info available)
V  [jvm.dll+0x360f06]  (no source info available)
V  [jvm.dll+0x3b3e2e]  (no source info available)
V  [jvm.dll+0x3b40d8]  (no source info available)
V  [jvm.dll+0x32c59c]  (no source info available)
V  [jvm.dll+0x32d158]  (no source info available)
V  [jvm.dll+0x83ccdc]  (no source info available)
V  [jvm.dll+0x3c0d71]  (no source info available)
V  [jvm.dll+0x825ccc]  (no source info available)
V  [jvm.dll+0x45b8fe]  (no source info available)
V  [jvm.dll+0x45d781]  (no source info available)
C  [jli.dll+0x52a3]  (no source info available)
C  [ucrtbase.dll+0x21bb2]  (no source info available)
C  [KERNEL32.DLL+0x17344]  (no source info available)
C  [ntdll.dll+0x4cc91]  (no source info available)


---------------  P R O C E S S  ---------------

Threads class SMR info:
_java_thread_list=0x00007ffd3bfcb1c8, length=0, elements={
}

Java Threads: ( => current thread )
Total: 0

Other Threads:
  0x0000022aba883d20 WorkerThread "GC Thread#0"                     [id=19244, stack(0x000000d5a8700000,0x000000d5a8800000) (1024K)]
  0x0000022aba896480 ConcurrentGCThread "G1 Main Marker"            [id=19256, stack(0x000000d5a8800000,0x000000d5a8900000) (1024K)]
  0x0000022aba896ea0 WorkerThread "G1 Conc#0"                       [id=10116, stack(0x000000d5a8900000,0x000000d5a8a00000) (1024K)]

[error occurred during error reporting (printing all threads), id 0xc0000005, EXCEPTION_ACCESS_VIOLATION (0xc0000005) at pc=0x00007ffd3b71f367]
VM state: not at safepoint (not fully initialized)

VM Mutex/Monitor currently owned by a thread:  ([mutex/lock_event])
[0x00007ffd3c04bcb8] Heap_lock - owner thread: 0x0000022ab8509080

Heap address: 0x0000000701000000, size: 4080 MB, Compressed Oops mode: Zero based, Oop shift amount: 3

CDS archive(s) mapped at: [0x0000000000000000-0x0000000000000000-0x0000000000000000), size 0, SharedBaseAddress: 0x0000000800000000, ArchiveRelocationMode: 1.
Narrow klass base: 0x0000000000000000, Narrow klass shift: 0, Narrow klass range: 0x0

GC Precious Log:
 CardTable entry size: 512
 Card Set container configuration: InlinePtr #cards 4 size 8 Array Of Cards #cards 16 size 48 Howl #buckets 8 coarsen threshold 3686 Howl Bitmap #cards 512 size 80 coarsen threshold 460 Card regions per heap region 1 cards per card region 4096

Heap:
 garbage-first heap   total reserved 4177920K, committed 0K, used 0K [0x0000000701000000, 0x0000000800000000)
  region size 2048K, 0 young (0K), 0 survivors (0K)

[error occurred during error reporting (printing heap information), id 0xc0000005, EXCEPTION_ACCESS_VIOLATION (0xc0000005) at pc=0x00007ffd3bb1e429]
GC Heap History (0 events):
No events

Dll operation events (1 events):
Event: 0.007 Loaded shared library C:\Program Files\Java\jdk-22\bin\java.dll

Deoptimization events (0 events):
No events

Classes loaded (0 events):
No events

Classes unloaded (0 events):
No events

Classes redefined (0 events):
No events

Internal exceptions (0 events):
No events

ZGC Phase Switch (0 events):
No events

VM Operations (0 events):
No events

Events (0 events):
No events


Dynamic libraries:
0x00007ff771230000 - 0x00007ff771240000 	C:\Program Files\Java\jdk-22\bin\javaw.exe
0x00007ffd9fb10000 - 0x00007ffd9fd08000 	C:\WINDOWS\SYSTEM32\ntdll.dll
0x00007ffd9ee60000 - 0x00007ffd9ef1d000 	C:\WINDOWS\System32\KERNEL32.DLL
0x00007ffd9d1d0000 - 0x00007ffd9d4c6000 	C:\WINDOWS\System32\KERNELBASE.dll
0x00007ffd9d7b0000 - 0x00007ffd9d8b0000 	C:\WINDOWS\System32\ucrtbase.dll
0x00007ffd96c20000 - 0x00007ffd96c3b000 	C:\Program Files\Java\jdk-22\bin\VCRUNTIME140.dll
0x00007ffd99ab0000 - 0x00007ffd99ac7000 	C:\Program Files\Java\jdk-22\bin\jli.dll
0x00007ffd9de40000 - 0x00007ffd9def0000 	C:\WINDOWS\System32\ADVAPI32.dll
0x00007ffd9def0000 - 0x00007ffd9df8e000 	C:\WINDOWS\System32\msvcrt.dll
0x00007ffd9f1f0000 - 0x00007ffd9f290000 	C:\WINDOWS\System32\sechost.dll
0x00007ffd9e170000 - 0x00007ffd9e293000 	C:\WINDOWS\System32\RPCRT4.dll
0x00007ffd9d780000 - 0x00007ffd9d7a7000 	C:\WINDOWS\System32\bcrypt.dll
0x00007ffd9db50000 - 0x00007ffd9dcef000 	C:\WINDOWS\System32\USER32.dll
0x00007ffd9d750000 - 0x00007ffd9d772000 	C:\WINDOWS\System32\win32u.dll
0x00007ffd907e0000 - 0x00007ffd90a7a000 	C:\WINDOWS\WinSxS\amd64_microsoft.windows.common-controls_6595b64144ccf1df_6.0.19041.4355_none_60b8b9eb71f62e16\COMCTL32.dll
0x00007ffd9ef20000 - 0x00007ffd9ef4b000 	C:\WINDOWS\System32\GDI32.dll
0x00007ffd9d630000 - 0x00007ffd9d747000 	C:\WINDOWS\System32\gdi32full.dll
0x00007ffd9da20000 - 0x00007ffd9dabd000 	C:\WINDOWS\System32\msvcp_win.dll
0x00007ffd96af0000 - 0x00007ffd96afa000 	C:\WINDOWS\SYSTEM32\VERSION.dll
0x00007ffd9e2c0000 - 0x00007ffd9e2ef000 	C:\WINDOWS\System32\IMM32.DLL
0x00007ffd99f10000 - 0x00007ffd99f1c000 	C:\Program Files\Java\jdk-22\bin\vcruntime140_1.dll
0x00007ffd80cb0000 - 0x00007ffd80d3e000 	C:\Program Files\Java\jdk-22\bin\msvcp140.dll
0x00007ffd3b3e0000 - 0x00007ffd3c127000 	C:\Program Files\Java\jdk-22\bin\server\jvm.dll
0x00007ffd9e2f0000 - 0x00007ffd9e35b000 	C:\WINDOWS\System32\WS2_32.dll
0x00007ffd9c700000 - 0x00007ffd9c74b000 	C:\WINDOWS\SYSTEM32\POWRPROF.dll
0x00007ffd923a0000 - 0x00007ffd923c7000 	C:\WINDOWS\SYSTEM32\WINMM.dll
0x00007ffd9c5c0000 - 0x00007ffd9c5d2000 	C:\WINDOWS\SYSTEM32\UMPDC.dll
0x00007ffd9b070000 - 0x00007ffd9b082000 	C:\WINDOWS\SYSTEM32\kernel.appcore.dll
0x00007ffd996e0000 - 0x00007ffd996ea000 	C:\Program Files\Java\jdk-22\bin\jimage.dll
0x00007ffd91a60000 - 0x00007ffd91c44000 	C:\WINDOWS\SYSTEM32\DBGHELP.DLL
0x00007ffd7f380000 - 0x00007ffd7f3b4000 	C:\WINDOWS\SYSTEM32\dbgcore.DLL
0x00007ffd9dac0000 - 0x00007ffd9db42000 	C:\WINDOWS\System32\bcryptPrimitives.dll
0x00007ffd92b10000 - 0x00007ffd92b2e000 	C:\Program Files\Java\jdk-22\bin\java.dll
0x00007ffd9f290000 - 0x00007ffd9f9fc000 	C:\WINDOWS\System32\SHELL32.dll
0x00007ffd9df90000 - 0x00007ffd9e0bb000 	C:\WINDOWS\System32\ole32.dll
0x00007ffd9e630000 - 0x00007ffd9e983000 	C:\WINDOWS\System32\combase.dll

dbghelp: loaded successfully - version: 4.0.5 - missing functions: none
symbol engine: initialized successfully - sym options: 0x614 - pdb path: .;C:\Program Files\Java\jdk-22\bin;C:\WINDOWS\SYSTEM32;C:\WINDOWS\WinSxS\amd64_microsoft.windows.common-controls_6595b64144ccf1df_6.0.19041.4355_none_60b8b9eb71f62e16;C:\Program Files\Java\jdk-22\bin\server

VM Arguments:
jvm_args: -Dfile.encoding=UTF-8 -Dstdout.encoding=UTF-8 -Dstderr.encoding=UTF-8 -XX:+ShowCodeDetailsInExceptionMessages 
java_command: MP2
java_class_path (initial): C:\Users\sadam\OneDrive\Documents\Eclipse Projects\MP2smhashi\bin
Launcher Type: SUN_STANDARD

[Global flags]
     intx CICompilerCount                          = 4                                         {product} {ergonomic}
     uint ConcGCThreads                            = 3                                         {product} {ergonomic}
     uint G1ConcRefinementThreads                  = 10                                        {product} {ergonomic}
   size_t G1HeapRegionSize                         = 2097152                                   {product} {ergonomic}
   size_t InitialHeapSize                          = 268435456                                 {product} {ergonomic}
   size_t MarkStackSize                            = 4194304                                   {product} {ergonomic}
   size_t MaxHeapSize                              = 4278190080                                {product} {ergonomic}
   size_t MinHeapDeltaBytes                        = 2097152                                   {product} {ergonomic}
   size_t MinHeapSize                              = 8388608                                   {product} {ergonomic}
    uintx NonNMethodCodeHeapSize                   = 5839372                                {pd product} {ergonomic}
    uintx NonProfiledCodeHeapSize                  = 122909434                              {pd product} {ergonomic}
    uintx ProfiledCodeHeapSize                     = 122909434                              {pd product} {ergonomic}
    uintx ReservedCodeCacheSize                    = 251658240                              {pd product} {ergonomic}
     bool SegmentedCodeCache                       = true                                      {product} {ergonomic}
     bool ShowCodeDetailsInExceptionMessages       = true                                   {manageable} {command line}
   size_t SoftMaxHeapSize                          = 4278190080                             {manageable} {ergonomic}
     bool UseCompressedOops                        = true                           {product lp64_product} {ergonomic}
     bool UseG1GC                                  = true                                      {product} {ergonomic}
     bool UseLargePagesIndividualAllocation        = false                                  {pd product} {ergonomic}

Logging:
Log output configuration:
 #0: stdout all=warning uptime,level,tags foldmultilines=false
 #1: stderr all=off uptime,level,tags foldmultilines=false

Environment Variables:
JAVA_HOME=C:\Program Files\Java\jdk-14.0.2
PATH=C:\Program Files\Common Files\Oracle\Java\javapath;C:\Windows\system32;C:\Windows;C:\Windows\System32\Wbem;C:\Windows\System32\WindowsPowerShell\v1.0\;C:\Windows\System32\OpenSSH\;C:\Program Files (x86)\NVIDIA Corporation\PhysX\Common;C:\Program Files\Java\jdk-14.0.2\bin;C:\WINDOWS\system32;C:\WINDOWS;C:\WINDOWS\System32\Wbem;C:\WINDOWS\System32\WindowsPowerShell\v1.0\;C:\WINDOWS\System32\OpenSSH\;C:\Program Files\NVIDIA Corporation\NVIDIA NvDLISR;C:\MinGW\bin;C:\Program Files\dotnet\;C:\Program Files\Microsoft SQL Server\130\Tools\Binn\;C:\Program Files\Microsoft SQL Server\Client SDK\ODBC\170\Tools\Binn\;C:\Users\sadam\AppData\Local\Microsoft\WindowsApps;;C:\intelFPGA_lite\18.1\modelsim_ase\win32aloem;C:\Users\sadam\.dotnet\tools
USERNAME=sadam
OS=Windows_NT
PROCESSOR_IDENTIFIER=AMD64 Family 23 Model 8 Stepping 2, AuthenticAMD
TMP=C:\Users\sadam\AppData\Local\Temp
TEMP=C:\Users\sadam\AppData\Local\Temp




Periodic native trim disabled

---------------  S Y S T E M  ---------------

OS:
 Windows 10 , 64 bit Build 19041 (10.0.19041.3636)
OS uptime: 5 days 9:55 hours

CPU: total 12 (initial active 12) (12 cores per cpu, 2 threads per core) family 23 model 8 stepping 2 microcode 0x0, cx8, cmov, fxsr, ht, mmx, 3dnowpref, sse, sse2, sse3, ssse3, sse4a, sse4.1, sse4.2, popcnt, lzcnt, tsc, tscinvbit, avx, avx2, aes, clmul, bmi1, bmi2, adx, sha, fma, vzeroupper, clflush, clflushopt, rdtscp, f16c
Processor Information for all 12 processors :
  Max Mhz: 3400, Current Mhz: 3400, Mhz Limit: 3400

Memory: 4k page, system-wide physical 16315M (6410M free)
TotalPageFile size 36249M (AvailPageFile size 154M)
current process WorkingSet (physical memory assigned to process): 11M, peak: 11M
current process commit charge ("private bytes"): 64M, peak: 320M

vm_info: Java HotSpot(TM) 64-Bit Server VM (22.0.1+8-16) for windows-amd64 JRE (22.0.1+8-16), built on 2024-03-12T10:33:16Z by "mach5one" with MS VC++ 17.6 (VS2022)

END.
